The system is: Linux - 5.10.92-v8+ - aarch64
Compiling the C compiler identification source file "CMakeCCompilerId.c" succeeded.
Compiler: /usr/bin/cc 
Build flags: 
Id flags:  

The output was:
0


Compilation of the C compiler identification source "CMakeCCompilerId.c" produced "a.out"

The C compiler identification is GNU, found in "/home/pi/Desktop/original/xeve/build/CMakeFiles/3.18.4/CompilerIdC/a.out"

Compiling the CXX compiler identification source file "CMakeCXXCompilerId.cpp" succeeded.
Compiler: /usr/bin/c++ 
Build flags: 
Id flags:  

The output was:
0


Compilation of the CXX compiler identification source "CMakeCXXCompilerId.cpp" produced "a.out"

The CXX compiler identification is GNU, found in "/home/pi/Desktop/original/xeve/build/CMakeFiles/3.18.4/CompilerIdCXX/a.out"

Detecting C compiler ABI info compiled with the following output:
Change Dir: /home/pi/Desktop/original/xeve/build/CMakeFiles/CMakeTmp

Run Build Command(s):/usr/bin/gmake cmTC_07079/fast && /usr/bin/gmake  -f CMakeFiles/cmTC_07079.dir/build.make CMakeFiles/cmTC_07079.dir/build
gmake[1]: Entering directory '/home/pi/Desktop/original/xeve/build/CMakeFiles/CMakeTmp'
Building C object CMakeFiles/cmTC_07079.dir/CMakeCCompilerABI.c.o
/usr/bin/cc   -v -std=gnu99 -o CMakeFiles/cmTC_07079.dir/CMakeCCompilerABI.c.o -c /usr/share/cmake-3.18/Modules/CMakeCCompilerABI.c
Using built-in specs.
COLLECT_GCC=/usr/bin/cc
Target: aarch64-linux-gnu
Configured with: ../src/configure -v --with-pkgversion='Debian 10.2.1-6' --with-bugurl=file:///usr/share/doc/gcc-10/README.Bugs --enable-languages=c,ada,c++,go,d,fortran,objc,obj-c++,m2 --prefix=/usr --with-gcc-major-version-only --program-suffix=-10 --program-prefix=aarch64-linux-gnu- --enable-shared --enable-linker-build-id --libexecdir=/usr/lib --without-included-gettext --enable-threads=posix --libdir=/usr/lib --enable-nls --enable-bootstrap --enable-clocale=gnu --enable-libstdcxx-debug --enable-libstdcxx-time=yes --with-default-libstdcxx-abi=new --enable-gnu-unique-object --disable-libquadmath --disable-libquadmath-support --enable-plugin --enable-default-pie --with-system-zlib --enable-libphobos-checking=release --with-target-system-zlib=auto --enable-objc-gc=auto --enable-multiarch --enable-fix-cortex-a53-843419 --disable-werror --enable-checking=release --build=aarch64-linux-gnu --host=aarch64-linux-gnu --target=aarch64-linux-gnu --with-build-config=bootstrap-lto-lean --enable-link-mutex
Thread model: posix
Supported LTO compression algorithms: zlib zstd
gcc version 10.2.1 20210110 (Debian 10.2.1-6) 
COLLECT_GCC_OPTIONS='-v' '-std=gnu99' '-o' 'CMakeFiles/cmTC_07079.dir/CMakeCCompilerABI.c.o' '-c' '-mlittle-endian' '-mabi=lp64'
 /usr/lib/gcc/aarch64-linux-gnu/10/cc1 -quiet -v -imultiarch aarch64-linux-gnu /usr/share/cmake-3.18/Modules/CMakeCCompilerABI.c -quiet -dumpbase CMakeCCompilerABI.c -mlittle-endian -mabi=lp64 -auxbase-strip CMakeFiles/cmTC_07079.dir/CMakeCCompilerABI.c.o -std=gnu99 -version -fasynchronous-unwind-tables -o /tmp/cc2bbOgs.s
GNU C99 (Debian 10.2.1-6) version 10.2.1 20210110 (aarch64-linux-gnu)
	compiled by GNU C version 10.2.1 20210110, GMP version 6.2.1, MPFR version 4.1.0, MPC version 1.2.0, isl version isl-0.23-GMP

GGC heuristics: --param ggc-min-expand=100 --param ggc-min-heapsize=131072
ignoring nonexistent directory "/usr/local/include/aarch64-linux-gnu"
ignoring nonexistent directory "/usr/lib/gcc/aarch64-linux-gnu/10/include-fixed"
ignoring nonexistent directory "/usr/lib/gcc/aarch64-linux-gnu/10/../../../../aarch64-linux-gnu/include"
#include "..." search starts here:
#include <...> search starts here:
 /usr/lib/gcc/aarch64-linux-gnu/10/include
 /usr/local/include
 /usr/include/aarch64-linux-gnu
 /usr/include
End of search list.
GNU C99 (Debian 10.2.1-6) version 10.2.1 20210110 (aarch64-linux-gnu)
	compiled by GNU C version 10.2.1 20210110, GMP version 6.2.1, MPFR version 4.1.0, MPC version 1.2.0, isl version isl-0.23-GMP

GGC heuristics: --param ggc-min-expand=100 --param ggc-min-heapsize=131072
Compiler executable checksum: 09f7dee817ee0ac81dbfe2e711a5f862
COLLECT_GCC_OPTIONS='-v' '-std=gnu99' '-o' 'CMakeFiles/cmTC_07079.dir/CMakeCCompilerABI.c.o' '-c' '-mlittle-endian' '-mabi=lp64'
 as -v -EL -mabi=lp64 -o CMakeFiles/cmTC_07079.dir/CMakeCCompilerABI.c.o /tmp/cc2bbOgs.s
GNU assembler version 2.35.2 (aarch64-linux-gnu) using BFD version (GNU Binutils for Debian) 2.35.2
COMPILER_PATH=/usr/lib/gcc/aarch64-linux-gnu/10/:/usr/lib/gcc/aarch64-linux-gnu/10/:/usr/lib/gcc/aarch64-linux-gnu/:/usr/lib/gcc/aarch64-linux-gnu/10/:/usr/lib/gcc/aarch64-linux-gnu/
LIBRARY_PATH=/usr/lib/gcc/aarch64-linux-gnu/10/:/usr/lib/gcc/aarch64-linux-gnu/10/../../../aarch64-linux-gnu/:/usr/lib/gcc/aarch64-linux-gnu/10/../../../../lib/:/lib/aarch64-linux-gnu/:/lib/../lib/:/usr/lib/aarch64-linux-gnu/:/usr/lib/../lib/:/usr/lib/gcc/aarch64-linux-gnu/10/../../../:/lib/:/usr/lib/
COLLECT_GCC_OPTIONS='-v' '-std=gnu99' '-o' 'CMakeFiles/cmTC_07079.dir/CMakeCCompilerABI.c.o' '-c' '-mlittle-endian' '-mabi=lp64'
Linking C executable cmTC_07079
/usr/bin/cmake -E cmake_link_script CMakeFiles/cmTC_07079.dir/link.txt --verbose=1
/usr/bin/cc  -v CMakeFiles/cmTC_07079.dir/CMakeCCompilerABI.c.o -o cmTC_07079 
Using built-in specs.
COLLECT_GCC=/usr/bin/cc
COLLECT_LTO_WRAPPER=/usr/lib/gcc/aarch64-linux-gnu/10/lto-wrapper
Target: aarch64-linux-gnu
Configured with: ../src/configure -v --with-pkgversion='Debian 10.2.1-6' --with-bugurl=file:///usr/share/doc/gcc-10/README.Bugs --enable-languages=c,ada,c++,go,d,fortran,objc,obj-c++,m2 --prefix=/usr --with-gcc-major-version-only --program-suffix=-10 --program-prefix=aarch64-linux-gnu- --enable-shared --enable-linker-build-id --libexecdir=/usr/lib --without-included-gettext --enable-threads=posix --libdir=/usr/lib --enable-nls --enable-bootstrap --enable-clocale=gnu --enable-libstdcxx-debug --enable-libstdcxx-time=yes --with-default-libstdcxx-abi=new --enable-gnu-unique-object --disable-libquadmath --disable-libquadmath-support --enable-plugin --enable-default-pie --with-system-zlib --enable-libphobos-checking=release --with-target-system-zlib=auto --enable-objc-gc=auto --enable-multiarch --enable-fix-cortex-a53-843419 --disable-werror --enable-checking=release --build=aarch64-linux-gnu --host=aarch64-linux-gnu --target=aarch64-linux-gnu --with-build-config=bootstrap-lto-lean --enable-link-mutex
Thread model: posix
Supported LTO compression algorithms: zlib zstd
gcc version 10.2.1 20210110 (Debian 10.2.1-6) 
COMPILER_PATH=/usr/lib/gcc/aarch64-linux-gnu/10/:/usr/lib/gcc/aarch64-linux-gnu/10/:/usr/lib/gcc/aarch64-linux-gnu/:/usr/lib/gcc/aarch64-linux-gnu/10/:/usr/lib/gcc/aarch64-linux-gnu/
LIBRARY_PATH=/usr/lib/gcc/aarch64-linux-gnu/10/:/usr/lib/gcc/aarch64-linux-gnu/10/../../../aarch64-linux-gnu/:/usr/lib/gcc/aarch64-linux-gnu/10/../../../../lib/:/lib/aarch64-linux-gnu/:/lib/../lib/:/usr/lib/aarch64-linux-gnu/:/usr/lib/../lib/:/usr/lib/gcc/aarch64-linux-gnu/10/../../../:/lib/:/usr/lib/
COLLECT_GCC_OPTIONS='-v' '-o' 'cmTC_07079' '-mlittle-endian' '-mabi=lp64'
 /usr/lib/gcc/aarch64-linux-gnu/10/collect2 -plugin /usr/lib/gcc/aarch64-linux-gnu/10/liblto_plugin.so -plugin-opt=/usr/lib/gcc/aarch64-linux-gnu/10/lto-wrapper -plugin-opt=-fresolution=/tmp/ccrlB5lT.res -plugin-opt=-pass-through=-lgcc -plugin-opt=-pass-through=-lgcc_s -plugin-opt=-pass-through=-lc -plugin-opt=-pass-through=-lgcc -plugin-opt=-pass-through=-lgcc_s --build-id --eh-frame-hdr --hash-style=gnu --as-needed -dynamic-linker /lib/ld-linux-aarch64.so.1 -X -EL -maarch64linux --fix-cortex-a53-843419 -pie -o cmTC_07079 /usr/lib/gcc/aarch64-linux-gnu/10/../../../aarch64-linux-gnu/Scrt1.o /usr/lib/gcc/aarch64-linux-gnu/10/../../../aarch64-linux-gnu/crti.o /usr/lib/gcc/aarch64-linux-gnu/10/crtbeginS.o -L/usr/lib/gcc/aarch64-linux-gnu/10 -L/usr/lib/gcc/aarch64-linux-gnu/10/../../../aarch64-linux-gnu -L/usr/lib/gcc/aarch64-linux-gnu/10/../../../../lib -L/lib/aarch64-linux-gnu -L/lib/../lib -L/usr/lib/aarch64-linux-gnu -L/usr/lib/../lib -L/usr/lib/gcc/aarch64-linux-gnu/10/../../.. CMakeFiles/cmTC_07079.dir/CMakeCCompilerABI.c.o -lgcc --push-state --as-needed -lgcc_s --pop-state -lc -lgcc --push-state --as-needed -lgcc_s --pop-state /usr/lib/gcc/aarch64-linux-gnu/10/crtendS.o /usr/lib/gcc/aarch64-linux-gnu/10/../../../aarch64-linux-gnu/crtn.o
COLLECT_GCC_OPTIONS='-v' '-o' 'cmTC_07079' '-mlittle-endian' '-mabi=lp64'
gmake[1]: Leaving directory '/home/pi/Desktop/original/xeve/build/CMakeFiles/CMakeTmp'



Parsed C implicit include dir info from above output: rv=done
  found start of include info
  found start of implicit include info
    add: [/usr/lib/gcc/aarch64-linux-gnu/10/include]
    add: [/usr/local/include]
    add: [/usr/include/aarch64-linux-gnu]
    add: [/usr/include]
  end of search list found
  collapse include dir [/usr/lib/gcc/aarch64-linux-gnu/10/include] ==> [/usr/lib/gcc/aarch64-linux-gnu/10/include]
  collapse include dir [/usr/local/include] ==> [/usr/local/include]
  collapse include dir [/usr/include/aarch64-linux-gnu] ==> [/usr/include/aarch64-linux-gnu]
  collapse include dir [/usr/include] ==> [/usr/include]
  implicit include dirs: [/usr/lib/gcc/aarch64-linux-gnu/10/include;/usr/local/include;/usr/include/aarch64-linux-gnu;/usr/include]


Parsed C implicit link information from above output:
  link line regex: [^( *|.*[/\])(ld|CMAKE_LINK_STARTFILE-NOTFOUND|([^/\]+-)?ld|collect2)[^/\]*( |$)]
  ignore line: [Change Dir: /home/pi/Desktop/original/xeve/build/CMakeFiles/CMakeTmp]
  ignore line: []
  ignore line: [Run Build Command(s):/usr/bin/gmake cmTC_07079/fast && /usr/bin/gmake  -f CMakeFiles/cmTC_07079.dir/build.make CMakeFiles/cmTC_07079.dir/build]
  ignore line: [gmake[1]: Entering directory '/home/pi/Desktop/original/xeve/build/CMakeFiles/CMakeTmp']
  ignore line: [Building C object CMakeFiles/cmTC_07079.dir/CMakeCCompilerABI.c.o]
  ignore line: [/usr/bin/cc   -v -std=gnu99 -o CMakeFiles/cmTC_07079.dir/CMakeCCompilerABI.c.o -c /usr/share/cmake-3.18/Modules/CMakeCCompilerABI.c]
  ignore line: [Using built-in specs.]
  ignore line: [COLLECT_GCC=/usr/bin/cc]
  ignore line: [Target: aarch64-linux-gnu]
  ignore line: [Configured with: ../src/configure -v --with-pkgversion='Debian 10.2.1-6' --with-bugurl=file:///usr/share/doc/gcc-10/README.Bugs --enable-languages=c ada c++ go d fortran objc obj-c++ m2 --prefix=/usr --with-gcc-major-version-only --program-suffix=-10 --program-prefix=aarch64-linux-gnu- --enable-shared --enable-linker-build-id --libexecdir=/usr/lib --without-included-gettext --enable-threads=posix --libdir=/usr/lib --enable-nls --enable-bootstrap --enable-clocale=gnu --enable-libstdcxx-debug --enable-libstdcxx-time=yes --with-default-libstdcxx-abi=new --enable-gnu-unique-object --disable-libquadmath --disable-libquadmath-support --enable-plugin --enable-default-pie --with-system-zlib --enable-libphobos-checking=release --with-target-system-zlib=auto --enable-objc-gc=auto --enable-multiarch --enable-fix-cortex-a53-843419 --disable-werror --enable-checking=release --build=aarch64-linux-gnu --host=aarch64-linux-gnu --target=aarch64-linux-gnu --with-build-config=bootstrap-lto-lean --enable-link-mutex]
  ignore line: [Thread model: posix]
  ignore line: [Supported LTO compression algorithms: zlib zstd]
  ignore line: [gcc version 10.2.1 20210110 (Debian 10.2.1-6) ]
  ignore line: [COLLECT_GCC_OPTIONS='-v' '-std=gnu99' '-o' 'CMakeFiles/cmTC_07079.dir/CMakeCCompilerABI.c.o' '-c' '-mlittle-endian' '-mabi=lp64']
  ignore line: [ /usr/lib/gcc/aarch64-linux-gnu/10/cc1 -quiet -v -imultiarch aarch64-linux-gnu /usr/share/cmake-3.18/Modules/CMakeCCompilerABI.c -quiet -dumpbase CMakeCCompilerABI.c -mlittle-endian -mabi=lp64 -auxbase-strip CMakeFiles/cmTC_07079.dir/CMakeCCompilerABI.c.o -std=gnu99 -version -fasynchronous-unwind-tables -o /tmp/cc2bbOgs.s]
  ignore line: [GNU C99 (Debian 10.2.1-6) version 10.2.1 20210110 (aarch64-linux-gnu)]
  ignore line: [	compiled by GNU C version 10.2.1 20210110  GMP version 6.2.1  MPFR version 4.1.0  MPC version 1.2.0  isl version isl-0.23-GMP]
  ignore line: []
  ignore line: [GGC heuristics: --param ggc-min-expand=100 --param ggc-min-heapsize=131072]
  ignore line: [ignoring nonexistent directory "/usr/local/include/aarch64-linux-gnu"]
  ignore line: [ignoring nonexistent directory "/usr/lib/gcc/aarch64-linux-gnu/10/include-fixed"]
  ignore line: [ignoring nonexistent directory "/usr/lib/gcc/aarch64-linux-gnu/10/../../../../aarch64-linux-gnu/include"]
  ignore line: [#include "..." search starts here:]
  ignore line: [#include <...> search starts here:]
  ignore line: [ /usr/lib/gcc/aarch64-linux-gnu/10/include]
  ignore line: [ /usr/local/include]
  ignore line: [ /usr/include/aarch64-linux-gnu]
  ignore line: [ /usr/include]
  ignore line: [End of search list.]
  ignore line: [GNU C99 (Debian 10.2.1-6) version 10.2.1 20210110 (aarch64-linux-gnu)]
  ignore line: [	compiled by GNU C version 10.2.1 20210110  GMP version 6.2.1  MPFR version 4.1.0  MPC version 1.2.0  isl version isl-0.23-GMP]
  ignore line: []
  ignore line: [GGC heuristics: --param ggc-min-expand=100 --param ggc-min-heapsize=131072]
  ignore line: [Compiler executable checksum: 09f7dee817ee0ac81dbfe2e711a5f862]
  ignore line: [COLLECT_GCC_OPTIONS='-v' '-std=gnu99' '-o' 'CMakeFiles/cmTC_07079.dir/CMakeCCompilerABI.c.o' '-c' '-mlittle-endian' '-mabi=lp64']
  ignore line: [ as -v -EL -mabi=lp64 -o CMakeFiles/cmTC_07079.dir/CMakeCCompilerABI.c.o /tmp/cc2bbOgs.s]
  ignore line: [GNU assembler version 2.35.2 (aarch64-linux-gnu) using BFD version (GNU Binutils for Debian) 2.35.2]
  ignore line: [COMPILER_PATH=/usr/lib/gcc/aarch64-linux-gnu/10/:/usr/lib/gcc/aarch64-linux-gnu/10/:/usr/lib/gcc/aarch64-linux-gnu/:/usr/lib/gcc/aarch64-linux-gnu/10/:/usr/lib/gcc/aarch64-linux-gnu/]
  ignore line: [LIBRARY_PATH=/usr/lib/gcc/aarch64-linux-gnu/10/:/usr/lib/gcc/aarch64-linux-gnu/10/../../../aarch64-linux-gnu/:/usr/lib/gcc/aarch64-linux-gnu/10/../../../../lib/:/lib/aarch64-linux-gnu/:/lib/../lib/:/usr/lib/aarch64-linux-gnu/:/usr/lib/../lib/:/usr/lib/gcc/aarch64-linux-gnu/10/../../../:/lib/:/usr/lib/]
  ignore line: [COLLECT_GCC_OPTIONS='-v' '-std=gnu99' '-o' 'CMakeFiles/cmTC_07079.dir/CMakeCCompilerABI.c.o' '-c' '-mlittle-endian' '-mabi=lp64']
  ignore line: [Linking C executable cmTC_07079]
  ignore line: [/usr/bin/cmake -E cmake_link_script CMakeFiles/cmTC_07079.dir/link.txt --verbose=1]
  ignore line: [/usr/bin/cc  -v CMakeFiles/cmTC_07079.dir/CMakeCCompilerABI.c.o -o cmTC_07079 ]
  ignore line: [Using built-in specs.]
  ignore line: [COLLECT_GCC=/usr/bin/cc]
  ignore line: [COLLECT_LTO_WRAPPER=/usr/lib/gcc/aarch64-linux-gnu/10/lto-wrapper]
  ignore line: [Target: aarch64-linux-gnu]
  ignore line: [Configured with: ../src/configure -v --with-pkgversion='Debian 10.2.1-6' --with-bugurl=file:///usr/share/doc/gcc-10/README.Bugs --enable-languages=c ada c++ go d fortran objc obj-c++ m2 --prefix=/usr --with-gcc-major-version-only --program-suffix=-10 --program-prefix=aarch64-linux-gnu- --enable-shared --enable-linker-build-id --libexecdir=/usr/lib --without-included-gettext --enable-threads=posix --libdir=/usr/lib --enable-nls --enable-bootstrap --enable-clocale=gnu --enable-libstdcxx-debug --enable-libstdcxx-time=yes --with-default-libstdcxx-abi=new --enable-gnu-unique-object --disable-libquadmath --disable-libquadmath-support --enable-plugin --enable-default-pie --with-system-zlib --enable-libphobos-checking=release --with-target-system-zlib=auto --enable-objc-gc=auto --enable-multiarch --enable-fix-cortex-a53-843419 --disable-werror --enable-checking=release --build=aarch64-linux-gnu --host=aarch64-linux-gnu --target=aarch64-linux-gnu --with-build-config=bootstrap-lto-lean --enable-link-mutex]
  ignore line: [Thread model: posix]
  ignore line: [Supported LTO compression algorithms: zlib zstd]
  ignore line: [gcc version 10.2.1 20210110 (Debian 10.2.1-6) ]
  ignore line: [COMPILER_PATH=/usr/lib/gcc/aarch64-linux-gnu/10/:/usr/lib/gcc/aarch64-linux-gnu/10/:/usr/lib/gcc/aarch64-linux-gnu/:/usr/lib/gcc/aarch64-linux-gnu/10/:/usr/lib/gcc/aarch64-linux-gnu/]
  ignore line: [LIBRARY_PATH=/usr/lib/gcc/aarch64-linux-gnu/10/:/usr/lib/gcc/aarch64-linux-gnu/10/../../../aarch64-linux-gnu/:/usr/lib/gcc/aarch64-linux-gnu/10/../../../../lib/:/lib/aarch64-linux-gnu/:/lib/../lib/:/usr/lib/aarch64-linux-gnu/:/usr/lib/../lib/:/usr/lib/gcc/aarch64-linux-gnu/10/../../../:/lib/:/usr/lib/]
  ignore line: [COLLECT_GCC_OPTIONS='-v' '-o' 'cmTC_07079' '-mlittle-endian' '-mabi=lp64']
  link line: [ /usr/lib/gcc/aarch64-linux-gnu/10/collect2 -plugin /usr/lib/gcc/aarch64-linux-gnu/10/liblto_plugin.so -plugin-opt=/usr/lib/gcc/aarch64-linux-gnu/10/lto-wrapper -plugin-opt=-fresolution=/tmp/ccrlB5lT.res -plugin-opt=-pass-through=-lgcc -plugin-opt=-pass-through=-lgcc_s -plugin-opt=-pass-through=-lc -plugin-opt=-pass-through=-lgcc -plugin-opt=-pass-through=-lgcc_s --build-id --eh-frame-hdr --hash-style=gnu --as-needed -dynamic-linker /lib/ld-linux-aarch64.so.1 -X -EL -maarch64linux --fix-cortex-a53-843419 -pie -o cmTC_07079 /usr/lib/gcc/aarch64-linux-gnu/10/../../../aarch64-linux-gnu/Scrt1.o /usr/lib/gcc/aarch64-linux-gnu/10/../../../aarch64-linux-gnu/crti.o /usr/lib/gcc/aarch64-linux-gnu/10/crtbeginS.o -L/usr/lib/gcc/aarch64-linux-gnu/10 -L/usr/lib/gcc/aarch64-linux-gnu/10/../../../aarch64-linux-gnu -L/usr/lib/gcc/aarch64-linux-gnu/10/../../../../lib -L/lib/aarch64-linux-gnu -L/lib/../lib -L/usr/lib/aarch64-linux-gnu -L/usr/lib/../lib -L/usr/lib/gcc/aarch64-linux-gnu/10/../../.. CMakeFiles/cmTC_07079.dir/CMakeCCompilerABI.c.o -lgcc --push-state --as-needed -lgcc_s --pop-state -lc -lgcc --push-state --as-needed -lgcc_s --pop-state /usr/lib/gcc/aarch64-linux-gnu/10/crtendS.o /usr/lib/gcc/aarch64-linux-gnu/10/../../../aarch64-linux-gnu/crtn.o]
    arg [/usr/lib/gcc/aarch64-linux-gnu/10/collect2] ==> ignore
    arg [-plugin] ==> ignore
    arg [/usr/lib/gcc/aarch64-linux-gnu/10/liblto_plugin.so] ==> ignore
    arg [-plugin-opt=/usr/lib/gcc/aarch64-linux-gnu/10/lto-wrapper] ==> ignore
    arg [-plugin-opt=-fresolution=/tmp/ccrlB5lT.res] ==> ignore
    arg [-plugin-opt=-pass-through=-lgcc] ==> ignore
    arg [-plugin-opt=-pass-through=-lgcc_s] ==> ignore
    arg [-plugin-opt=-pass-through=-lc] ==> ignore
    arg [-plugin-opt=-pass-through=-lgcc] ==> ignore
    arg [-plugin-opt=-pass-through=-lgcc_s] ==> ignore
    arg [--build-id] ==> ignore
    arg [--eh-frame-hdr] ==> ignore
    arg [--hash-style=gnu] ==> ignore
    arg [--as-needed] ==> ignore
    arg [-dynamic-linker] ==> ignore
    arg [/lib/ld-linux-aarch64.so.1] ==> ignore
    arg [-X] ==> ignore
    arg [-EL] ==> ignore
    arg [-maarch64linux] ==> ignore
    arg [--fix-cortex-a53-843419] ==> ignore
    arg [-pie] ==> ignore
    arg [-o] ==> ignore
    arg [cmTC_07079] ==> ignore
    arg [/usr/lib/gcc/aarch64-linux-gnu/10/../../../aarch64-linux-gnu/Scrt1.o] ==> ignore
    arg [/usr/lib/gcc/aarch64-linux-gnu/10/../../../aarch64-linux-gnu/crti.o] ==> ignore
    arg [/usr/lib/gcc/aarch64-linux-gnu/10/crtbeginS.o] ==> ignore
    arg [-L/usr/lib/gcc/aarch64-linux-gnu/10] ==> dir [/usr/lib/gcc/aarch64-linux-gnu/10]
    arg [-L/usr/lib/gcc/aarch64-linux-gnu/10/../../../aarch64-linux-gnu] ==> dir [/usr/lib/gcc/aarch64-linux-gnu/10/../../../aarch64-linux-gnu]
    arg [-L/usr/lib/gcc/aarch64-linux-gnu/10/../../../../lib] ==> dir [/usr/lib/gcc/aarch64-linux-gnu/10/../../../../lib]
    arg [-L/lib/aarch64-linux-gnu] ==> dir [/lib/aarch64-linux-gnu]
    arg [-L/lib/../lib] ==> dir [/lib/../lib]
    arg [-L/usr/lib/aarch64-linux-gnu] ==> dir [/usr/lib/aarch64-linux-gnu]
    arg [-L/usr/lib/../lib] ==> dir [/usr/lib/../lib]
    arg [-L/usr/lib/gcc/aarch64-linux-gnu/10/../../..] ==> dir [/usr/lib/gcc/aarch64-linux-gnu/10/../../..]
    arg [CMakeFiles/cmTC_07079.dir/CMakeCCompilerABI.c.o] ==> ignore
    arg [-lgcc] ==> lib [gcc]
    arg [--push-state] ==> ignore
    arg [--as-needed] ==> ignore
    arg [-lgcc_s] ==> lib [gcc_s]
    arg [--pop-state] ==> ignore
    arg [-lc] ==> lib [c]
    arg [-lgcc] ==> lib [gcc]
    arg [--push-state] ==> ignore
    arg [--as-needed] ==> ignore
    arg [-lgcc_s] ==> lib [gcc_s]
    arg [--pop-state] ==> ignore
    arg [/usr/lib/gcc/aarch64-linux-gnu/10/crtendS.o] ==> ignore
    arg [/usr/lib/gcc/aarch64-linux-gnu/10/../../../aarch64-linux-gnu/crtn.o] ==> ignore
  collapse library dir [/usr/lib/gcc/aarch64-linux-gnu/10] ==> [/usr/lib/gcc/aarch64-linux-gnu/10]
  collapse library dir [/usr/lib/gcc/aarch64-linux-gnu/10/../../../aarch64-linux-gnu] ==> [/usr/lib/aarch64-linux-gnu]
  collapse library dir [/usr/lib/gcc/aarch64-linux-gnu/10/../../../../lib] ==> [/usr/lib]
  collapse library dir [/lib/aarch64-linux-gnu] ==> [/lib/aarch64-linux-gnu]
  collapse library dir [/lib/../lib] ==> [/lib]
  collapse library dir [/usr/lib/aarch64-linux-gnu] ==> [/usr/lib/aarch64-linux-gnu]
  collapse library dir [/usr/lib/../lib] ==> [/usr/lib]
  collapse library dir [/usr/lib/gcc/aarch64-linux-gnu/10/../../..] ==> [/usr/lib]
  implicit libs: [gcc;gcc_s;c;gcc;gcc_s]
  implicit dirs: [/usr/lib/gcc/aarch64-linux-gnu/10;/usr/lib/aarch64-linux-gnu;/usr/lib;/lib/aarch64-linux-gnu;/lib]
  implicit fwks: []


Detecting CXX compiler ABI info compiled with the following output:
Change Dir: /home/pi/Desktop/original/xeve/build/CMakeFiles/CMakeTmp

Run Build Command(s):/usr/bin/gmake cmTC_02f0f/fast && /usr/bin/gmake  -f CMakeFiles/cmTC_02f0f.dir/build.make CMakeFiles/cmTC_02f0f.dir/build
gmake[1]: Entering directory '/home/pi/Desktop/original/xeve/build/CMakeFiles/CMakeTmp'
Building CXX object CMakeFiles/cmTC_02f0f.dir/CMakeCXXCompilerABI.cpp.o
/usr/bin/c++   -v -o CMakeFiles/cmTC_02f0f.dir/CMakeCXXCompilerABI.cpp.o -c /usr/share/cmake-3.18/Modules/CMakeCXXCompilerABI.cpp
Using built-in specs.
COLLECT_GCC=/usr/bin/c++
Target: aarch64-linux-gnu
Configured with: ../src/configure -v --with-pkgversion='Debian 10.2.1-6' --with-bugurl=file:///usr/share/doc/gcc-10/README.Bugs --enable-languages=c,ada,c++,go,d,fortran,objc,obj-c++,m2 --prefix=/usr --with-gcc-major-version-only --program-suffix=-10 --program-prefix=aarch64-linux-gnu- --enable-shared --enable-linker-build-id --libexecdir=/usr/lib --without-included-gettext --enable-threads=posix --libdir=/usr/lib --enable-nls --enable-bootstrap --enable-clocale=gnu --enable-libstdcxx-debug --enable-libstdcxx-time=yes --with-default-libstdcxx-abi=new --enable-gnu-unique-object --disable-libquadmath --disable-libquadmath-support --enable-plugin --enable-default-pie --with-system-zlib --enable-libphobos-checking=release --with-target-system-zlib=auto --enable-objc-gc=auto --enable-multiarch --enable-fix-cortex-a53-843419 --disable-werror --enable-checking=release --build=aarch64-linux-gnu --host=aarch64-linux-gnu --target=aarch64-linux-gnu --with-build-config=bootstrap-lto-lean --enable-link-mutex
Thread model: posix
Supported LTO compression algorithms: zlib zstd
gcc version 10.2.1 20210110 (Debian 10.2.1-6) 
COLLECT_GCC_OPTIONS='-v' '-o' 'CMakeFiles/cmTC_02f0f.dir/CMakeCXXCompilerABI.cpp.o' '-c' '-shared-libgcc' '-mlittle-endian' '-mabi=lp64'
 /usr/lib/gcc/aarch64-linux-gnu/10/cc1plus -quiet -v -imultiarch aarch64-linux-gnu -D_GNU_SOURCE /usr/share/cmake-3.18/Modules/CMakeCXXCompilerABI.cpp -quiet -dumpbase CMakeCXXCompilerABI.cpp -mlittle-endian -mabi=lp64 -auxbase-strip CMakeFiles/cmTC_02f0f.dir/CMakeCXXCompilerABI.cpp.o -version -fasynchronous-unwind-tables -o /tmp/cc6l6Vkr.s
GNU C++14 (Debian 10.2.1-6) version 10.2.1 20210110 (aarch64-linux-gnu)
	compiled by GNU C version 10.2.1 20210110, GMP version 6.2.1, MPFR version 4.1.0, MPC version 1.2.0, isl version isl-0.23-GMP

GGC heuristics: --param ggc-min-expand=100 --param ggc-min-heapsize=131072
ignoring duplicate directory "/usr/include/aarch64-linux-gnu/c++/10"
ignoring nonexistent directory "/usr/local/include/aarch64-linux-gnu"
ignoring nonexistent directory "/usr/lib/gcc/aarch64-linux-gnu/10/include-fixed"
ignoring nonexistent directory "/usr/lib/gcc/aarch64-linux-gnu/10/../../../../aarch64-linux-gnu/include"
#include "..." search starts here:
#include <...> search starts here:
 /usr/include/c++/10
 /usr/include/aarch64-linux-gnu/c++/10
 /usr/include/c++/10/backward
 /usr/lib/gcc/aarch64-linux-gnu/10/include
 /usr/local/include
 /usr/include/aarch64-linux-gnu
 /usr/include
End of search list.
GNU C++14 (Debian 10.2.1-6) version 10.2.1 20210110 (aarch64-linux-gnu)
	compiled by GNU C version 10.2.1 20210110, GMP version 6.2.1, MPFR version 4.1.0, MPC version 1.2.0, isl version isl-0.23-GMP

GGC heuristics: --param ggc-min-expand=100 --param ggc-min-heapsize=131072
Compiler executable checksum: 7ff9b3e77ba341f92c3fc11acba5d5f9
COLLECT_GCC_OPTIONS='-v' '-o' 'CMakeFiles/cmTC_02f0f.dir/CMakeCXXCompilerABI.cpp.o' '-c' '-shared-libgcc' '-mlittle-endian' '-mabi=lp64'
 as -v -EL -mabi=lp64 -o CMakeFiles/cmTC_02f0f.dir/CMakeCXXCompilerABI.cpp.o /tmp/cc6l6Vkr.s
GNU assembler version 2.35.2 (aarch64-linux-gnu) using BFD version (GNU Binutils for Debian) 2.35.2
COMPILER_PATH=/usr/lib/gcc/aarch64-linux-gnu/10/:/usr/lib/gcc/aarch64-linux-gnu/10/:/usr/lib/gcc/aarch64-linux-gnu/:/usr/lib/gcc/aarch64-linux-gnu/10/:/usr/lib/gcc/aarch64-linux-gnu/
LIBRARY_PATH=/usr/lib/gcc/aarch64-linux-gnu/10/:/usr/lib/gcc/aarch64-linux-gnu/10/../../../aarch64-linux-gnu/:/usr/lib/gcc/aarch64-linux-gnu/10/../../../../lib/:/lib/aarch64-linux-gnu/:/lib/../lib/:/usr/lib/aarch64-linux-gnu/:/usr/lib/../lib/:/usr/lib/gcc/aarch64-linux-gnu/10/../../../:/lib/:/usr/lib/
COLLECT_GCC_OPTIONS='-v' '-o' 'CMakeFiles/cmTC_02f0f.dir/CMakeCXXCompilerABI.cpp.o' '-c' '-shared-libgcc' '-mlittle-endian' '-mabi=lp64'
Linking CXX executable cmTC_02f0f
/usr/bin/cmake -E cmake_link_script CMakeFiles/cmTC_02f0f.dir/link.txt --verbose=1
/usr/bin/c++  -v CMakeFiles/cmTC_02f0f.dir/CMakeCXXCompilerABI.cpp.o -o cmTC_02f0f 
Using built-in specs.
COLLECT_GCC=/usr/bin/c++
COLLECT_LTO_WRAPPER=/usr/lib/gcc/aarch64-linux-gnu/10/lto-wrapper
Target: aarch64-linux-gnu
Configured with: ../src/configure -v --with-pkgversion='Debian 10.2.1-6' --with-bugurl=file:///usr/share/doc/gcc-10/README.Bugs --enable-languages=c,ada,c++,go,d,fortran,objc,obj-c++,m2 --prefix=/usr --with-gcc-major-version-only --program-suffix=-10 --program-prefix=aarch64-linux-gnu- --enable-shared --enable-linker-build-id --libexecdir=/usr/lib --without-included-gettext --enable-threads=posix --libdir=/usr/lib --enable-nls --enable-bootstrap --enable-clocale=gnu --enable-libstdcxx-debug --enable-libstdcxx-time=yes --with-default-libstdcxx-abi=new --enable-gnu-unique-object --disable-libquadmath --disable-libquadmath-support --enable-plugin --enable-default-pie --with-system-zlib --enable-libphobos-checking=release --with-target-system-zlib=auto --enable-objc-gc=auto --enable-multiarch --enable-fix-cortex-a53-843419 --disable-werror --enable-checking=release --build=aarch64-linux-gnu --host=aarch64-linux-gnu --target=aarch64-linux-gnu --with-build-config=bootstrap-lto-lean --enable-link-mutex
Thread model: posix
Supported LTO compression algorithms: zlib zstd
gcc version 10.2.1 20210110 (Debian 10.2.1-6) 
COMPILER_PATH=/usr/lib/gcc/aarch64-linux-gnu/10/:/usr/lib/gcc/aarch64-linux-gnu/10/:/usr/lib/gcc/aarch64-linux-gnu/:/usr/lib/gcc/aarch64-linux-gnu/10/:/usr/lib/gcc/aarch64-linux-gnu/
LIBRARY_PATH=/usr/lib/gcc/aarch64-linux-gnu/10/:/usr/lib/gcc/aarch64-linux-gnu/10/../../../aarch64-linux-gnu/:/usr/lib/gcc/aarch64-linux-gnu/10/../../../../lib/:/lib/aarch64-linux-gnu/:/lib/../lib/:/usr/lib/aarch64-linux-gnu/:/usr/lib/../lib/:/usr/lib/gcc/aarch64-linux-gnu/10/../../../:/lib/:/usr/lib/
COLLECT_GCC_OPTIONS='-v' '-o' 'cmTC_02f0f' '-shared-libgcc' '-mlittle-endian' '-mabi=lp64'
 /usr/lib/gcc/aarch64-linux-gnu/10/collect2 -plugin /usr/lib/gcc/aarch64-linux-gnu/10/liblto_plugin.so -plugin-opt=/usr/lib/gcc/aarch64-linux-gnu/10/lto-wrapper -plugin-opt=-fresolution=/tmp/ccVR5uUV.res -plugin-opt=-pass-through=-lgcc_s -plugin-opt=-pass-through=-lgcc -plugin-opt=-pass-through=-lc -plugin-opt=-pass-through=-lgcc_s -plugin-opt=-pass-through=-lgcc --build-id --eh-frame-hdr --hash-style=gnu --as-needed -dynamic-linker /lib/ld-linux-aarch64.so.1 -X -EL -maarch64linux --fix-cortex-a53-843419 -pie -o cmTC_02f0f /usr/lib/gcc/aarch64-linux-gnu/10/../../../aarch64-linux-gnu/Scrt1.o /usr/lib/gcc/aarch64-linux-gnu/10/../../../aarch64-linux-gnu/crti.o /usr/lib/gcc/aarch64-linux-gnu/10/crtbeginS.o -L/usr/lib/gcc/aarch64-linux-gnu/10 -L/usr/lib/gcc/aarch64-linux-gnu/10/../../../aarch64-linux-gnu -L/usr/lib/gcc/aarch64-linux-gnu/10/../../../../lib -L/lib/aarch64-linux-gnu -L/lib/../lib -L/usr/lib/aarch64-linux-gnu -L/usr/lib/../lib -L/usr/lib/gcc/aarch64-linux-gnu/10/../../.. CMakeFiles/cmTC_02f0f.dir/CMakeCXXCompilerABI.cpp.o -lstdc++ -lm -lgcc_s -lgcc -lc -lgcc_s -lgcc /usr/lib/gcc/aarch64-linux-gnu/10/crtendS.o /usr/lib/gcc/aarch64-linux-gnu/10/../../../aarch64-linux-gnu/crtn.o
COLLECT_GCC_OPTIONS='-v' '-o' 'cmTC_02f0f' '-shared-libgcc' '-mlittle-endian' '-mabi=lp64'
gmake[1]: Leaving directory '/home/pi/Desktop/original/xeve/build/CMakeFiles/CMakeTmp'



Parsed CXX implicit include dir info from above output: rv=done
  found start of include info
  found start of implicit include info
    add: [/usr/include/c++/10]
    add: [/usr/include/aarch64-linux-gnu/c++/10]
    add: [/usr/include/c++/10/backward]
    add: [/usr/lib/gcc/aarch64-linux-gnu/10/include]
    add: [/usr/local/include]
    add: [/usr/include/aarch64-linux-gnu]
    add: [/usr/include]
  end of search list found
  collapse include dir [/usr/include/c++/10] ==> [/usr/include/c++/10]
  collapse include dir [/usr/include/aarch64-linux-gnu/c++/10] ==> [/usr/include/aarch64-linux-gnu/c++/10]
  collapse include dir [/usr/include/c++/10/backward] ==> [/usr/include/c++/10/backward]
  collapse include dir [/usr/lib/gcc/aarch64-linux-gnu/10/include] ==> [/usr/lib/gcc/aarch64-linux-gnu/10/include]
  collapse include dir [/usr/local/include] ==> [/usr/local/include]
  collapse include dir [/usr/include/aarch64-linux-gnu] ==> [/usr/include/aarch64-linux-gnu]
  collapse include dir [/usr/include] ==> [/usr/include]
  implicit include dirs: [/usr/include/c++/10;/usr/include/aarch64-linux-gnu/c++/10;/usr/include/c++/10/backward;/usr/lib/gcc/aarch64-linux-gnu/10/include;/usr/local/include;/usr/include/aarch64-linux-gnu;/usr/include]


Parsed CXX implicit link information from above output:
  link line regex: [^( *|.*[/\])(ld|CMAKE_LINK_STARTFILE-NOTFOUND|([^/\]+-)?ld|collect2)[^/\]*( |$)]
  ignore line: [Change Dir: /home/pi/Desktop/original/xeve/build/CMakeFiles/CMakeTmp]
  ignore line: []
  ignore line: [Run Build Command(s):/usr/bin/gmake cmTC_02f0f/fast && /usr/bin/gmake  -f CMakeFiles/cmTC_02f0f.dir/build.make CMakeFiles/cmTC_02f0f.dir/build]
  ignore line: [gmake[1]: Entering directory '/home/pi/Desktop/original/xeve/build/CMakeFiles/CMakeTmp']
  ignore line: [Building CXX object CMakeFiles/cmTC_02f0f.dir/CMakeCXXCompilerABI.cpp.o]
  ignore line: [/usr/bin/c++   -v -o CMakeFiles/cmTC_02f0f.dir/CMakeCXXCompilerABI.cpp.o -c /usr/share/cmake-3.18/Modules/CMakeCXXCompilerABI.cpp]
  ignore line: [Using built-in specs.]
  ignore line: [COLLECT_GCC=/usr/bin/c++]
  ignore line: [Target: aarch64-linux-gnu]
  ignore line: [Configured with: ../src/configure -v --with-pkgversion='Debian 10.2.1-6' --with-bugurl=file:///usr/share/doc/gcc-10/README.Bugs --enable-languages=c ada c++ go d fortran objc obj-c++ m2 --prefix=/usr --with-gcc-major-version-only --program-suffix=-10 --program-prefix=aarch64-linux-gnu- --enable-shared --enable-linker-build-id --libexecdir=/usr/lib --without-included-gettext --enable-threads=posix --libdir=/usr/lib --enable-nls --enable-bootstrap --enable-clocale=gnu --enable-libstdcxx-debug --enable-libstdcxx-time=yes --with-default-libstdcxx-abi=new --enable-gnu-unique-object --disable-libquadmath --disable-libquadmath-support --enable-plugin --enable-default-pie --with-system-zlib --enable-libphobos-checking=release --with-target-system-zlib=auto --enable-objc-gc=auto --enable-multiarch --enable-fix-cortex-a53-843419 --disable-werror --enable-checking=release --build=aarch64-linux-gnu --host=aarch64-linux-gnu --target=aarch64-linux-gnu --with-build-config=bootstrap-lto-lean --enable-link-mutex]
  ignore line: [Thread model: posix]
  ignore line: [Supported LTO compression algorithms: zlib zstd]
  ignore line: [gcc version 10.2.1 20210110 (Debian 10.2.1-6) ]
  ignore line: [COLLECT_GCC_OPTIONS='-v' '-o' 'CMakeFiles/cmTC_02f0f.dir/CMakeCXXCompilerABI.cpp.o' '-c' '-shared-libgcc' '-mlittle-endian' '-mabi=lp64']
  ignore line: [ /usr/lib/gcc/aarch64-linux-gnu/10/cc1plus -quiet -v -imultiarch aarch64-linux-gnu -D_GNU_SOURCE /usr/share/cmake-3.18/Modules/CMakeCXXCompilerABI.cpp -quiet -dumpbase CMakeCXXCompilerABI.cpp -mlittle-endian -mabi=lp64 -auxbase-strip CMakeFiles/cmTC_02f0f.dir/CMakeCXXCompilerABI.cpp.o -version -fasynchronous-unwind-tables -o /tmp/cc6l6Vkr.s]
  ignore line: [GNU C++14 (Debian 10.2.1-6) version 10.2.1 20210110 (aarch64-linux-gnu)]
  ignore line: [	compiled by GNU C version 10.2.1 20210110  GMP version 6.2.1  MPFR version 4.1.0  MPC version 1.2.0  isl version isl-0.23-GMP]
  ignore line: []
  ignore line: [GGC heuristics: --param ggc-min-expand=100 --param ggc-min-heapsize=131072]
  ignore line: [ignoring duplicate directory "/usr/include/aarch64-linux-gnu/c++/10"]
  ignore line: [ignoring nonexistent directory "/usr/local/include/aarch64-linux-gnu"]
  ignore line: [ignoring nonexistent directory "/usr/lib/gcc/aarch64-linux-gnu/10/include-fixed"]
  ignore line: [ignoring nonexistent directory "/usr/lib/gcc/aarch64-linux-gnu/10/../../../../aarch64-linux-gnu/include"]
  ignore line: [#include "..." search starts here:]
  ignore line: [#include <...> search starts here:]
  ignore line: [ /usr/include/c++/10]
  ignore line: [ /usr/include/aarch64-linux-gnu/c++/10]
  ignore line: [ /usr/include/c++/10/backward]
  ignore line: [ /usr/lib/gcc/aarch64-linux-gnu/10/include]
  ignore line: [ /usr/local/include]
  ignore line: [ /usr/include/aarch64-linux-gnu]
  ignore line: [ /usr/include]
  ignore line: [End of search list.]
  ignore line: [GNU C++14 (Debian 10.2.1-6) version 10.2.1 20210110 (aarch64-linux-gnu)]
  ignore line: [	compiled by GNU C version 10.2.1 20210110  GMP version 6.2.1  MPFR version 4.1.0  MPC version 1.2.0  isl version isl-0.23-GMP]
  ignore line: []
  ignore line: [GGC heuristics: --param ggc-min-expand=100 --param ggc-min-heapsize=131072]
  ignore line: [Compiler executable checksum: 7ff9b3e77ba341f92c3fc11acba5d5f9]
  ignore line: [COLLECT_GCC_OPTIONS='-v' '-o' 'CMakeFiles/cmTC_02f0f.dir/CMakeCXXCompilerABI.cpp.o' '-c' '-shared-libgcc' '-mlittle-endian' '-mabi=lp64']
  ignore line: [ as -v -EL -mabi=lp64 -o CMakeFiles/cmTC_02f0f.dir/CMakeCXXCompilerABI.cpp.o /tmp/cc6l6Vkr.s]
  ignore line: [GNU assembler version 2.35.2 (aarch64-linux-gnu) using BFD version (GNU Binutils for Debian) 2.35.2]
  ignore line: [COMPILER_PATH=/usr/lib/gcc/aarch64-linux-gnu/10/:/usr/lib/gcc/aarch64-linux-gnu/10/:/usr/lib/gcc/aarch64-linux-gnu/:/usr/lib/gcc/aarch64-linux-gnu/10/:/usr/lib/gcc/aarch64-linux-gnu/]
  ignore line: [LIBRARY_PATH=/usr/lib/gcc/aarch64-linux-gnu/10/:/usr/lib/gcc/aarch64-linux-gnu/10/../../../aarch64-linux-gnu/:/usr/lib/gcc/aarch64-linux-gnu/10/../../../../lib/:/lib/aarch64-linux-gnu/:/lib/../lib/:/usr/lib/aarch64-linux-gnu/:/usr/lib/../lib/:/usr/lib/gcc/aarch64-linux-gnu/10/../../../:/lib/:/usr/lib/]
  ignore line: [COLLECT_GCC_OPTIONS='-v' '-o' 'CMakeFiles/cmTC_02f0f.dir/CMakeCXXCompilerABI.cpp.o' '-c' '-shared-libgcc' '-mlittle-endian' '-mabi=lp64']
  ignore line: [Linking CXX executable cmTC_02f0f]
  ignore line: [/usr/bin/cmake -E cmake_link_script CMakeFiles/cmTC_02f0f.dir/link.txt --verbose=1]
  ignore line: [/usr/bin/c++  -v CMakeFiles/cmTC_02f0f.dir/CMakeCXXCompilerABI.cpp.o -o cmTC_02f0f ]
  ignore line: [Using built-in specs.]
  ignore line: [COLLECT_GCC=/usr/bin/c++]
  ignore line: [COLLECT_LTO_WRAPPER=/usr/lib/gcc/aarch64-linux-gnu/10/lto-wrapper]
  ignore line: [Target: aarch64-linux-gnu]
  ignore line: [Configured with: ../src/configure -v --with-pkgversion='Debian 10.2.1-6' --with-bugurl=file:///usr/share/doc/gcc-10/README.Bugs --enable-languages=c ada c++ go d fortran objc obj-c++ m2 --prefix=/usr --with-gcc-major-version-only --program-suffix=-10 --program-prefix=aarch64-linux-gnu- --enable-shared --enable-linker-build-id --libexecdir=/usr/lib --without-included-gettext --enable-threads=posix --libdir=/usr/lib --enable-nls --enable-bootstrap --enable-clocale=gnu --enable-libstdcxx-debug --enable-libstdcxx-time=yes --with-default-libstdcxx-abi=new --enable-gnu-unique-object --disable-libquadmath --disable-libquadmath-support --enable-plugin --enable-default-pie --with-system-zlib --enable-libphobos-checking=release --with-target-system-zlib=auto --enable-objc-gc=auto --enable-multiarch --enable-fix-cortex-a53-843419 --disable-werror --enable-checking=release --build=aarch64-linux-gnu --host=aarch64-linux-gnu --target=aarch64-linux-gnu --with-build-config=bootstrap-lto-lean --enable-link-mutex]
  ignore line: [Thread model: posix]
  ignore line: [Supported LTO compression algorithms: zlib zstd]
  ignore line: [gcc version 10.2.1 20210110 (Debian 10.2.1-6) ]
  ignore line: [COMPILER_PATH=/usr/lib/gcc/aarch64-linux-gnu/10/:/usr/lib/gcc/aarch64-linux-gnu/10/:/usr/lib/gcc/aarch64-linux-gnu/:/usr/lib/gcc/aarch64-linux-gnu/10/:/usr/lib/gcc/aarch64-linux-gnu/]
  ignore line: [LIBRARY_PATH=/usr/lib/gcc/aarch64-linux-gnu/10/:/usr/lib/gcc/aarch64-linux-gnu/10/../../../aarch64-linux-gnu/:/usr/lib/gcc/aarch64-linux-gnu/10/../../../../lib/:/lib/aarch64-linux-gnu/:/lib/../lib/:/usr/lib/aarch64-linux-gnu/:/usr/lib/../lib/:/usr/lib/gcc/aarch64-linux-gnu/10/../../../:/lib/:/usr/lib/]
  ignore line: [COLLECT_GCC_OPTIONS='-v' '-o' 'cmTC_02f0f' '-shared-libgcc' '-mlittle-endian' '-mabi=lp64']
  link line: [ /usr/lib/gcc/aarch64-linux-gnu/10/collect2 -plugin /usr/lib/gcc/aarch64-linux-gnu/10/liblto_plugin.so -plugin-opt=/usr/lib/gcc/aarch64-linux-gnu/10/lto-wrapper -plugin-opt=-fresolution=/tmp/ccVR5uUV.res -plugin-opt=-pass-through=-lgcc_s -plugin-opt=-pass-through=-lgcc -plugin-opt=-pass-through=-lc -plugin-opt=-pass-through=-lgcc_s -plugin-opt=-pass-through=-lgcc --build-id --eh-frame-hdr --hash-style=gnu --as-needed -dynamic-linker /lib/ld-linux-aarch64.so.1 -X -EL -maarch64linux --fix-cortex-a53-843419 -pie -o cmTC_02f0f /usr/lib/gcc/aarch64-linux-gnu/10/../../../aarch64-linux-gnu/Scrt1.o /usr/lib/gcc/aarch64-linux-gnu/10/../../../aarch64-linux-gnu/crti.o /usr/lib/gcc/aarch64-linux-gnu/10/crtbeginS.o -L/usr/lib/gcc/aarch64-linux-gnu/10 -L/usr/lib/gcc/aarch64-linux-gnu/10/../../../aarch64-linux-gnu -L/usr/lib/gcc/aarch64-linux-gnu/10/../../../../lib -L/lib/aarch64-linux-gnu -L/lib/../lib -L/usr/lib/aarch64-linux-gnu -L/usr/lib/../lib -L/usr/lib/gcc/aarch64-linux-gnu/10/../../.. CMakeFiles/cmTC_02f0f.dir/CMakeCXXCompilerABI.cpp.o -lstdc++ -lm -lgcc_s -lgcc -lc -lgcc_s -lgcc /usr/lib/gcc/aarch64-linux-gnu/10/crtendS.o /usr/lib/gcc/aarch64-linux-gnu/10/../../../aarch64-linux-gnu/crtn.o]
    arg [/usr/lib/gcc/aarch64-linux-gnu/10/collect2] ==> ignore
    arg [-plugin] ==> ignore
    arg [/usr/lib/gcc/aarch64-linux-gnu/10/liblto_plugin.so] ==> ignore
    arg [-plugin-opt=/usr/lib/gcc/aarch64-linux-gnu/10/lto-wrapper] ==> ignore
    arg [-plugin-opt=-fresolution=/tmp/ccVR5uUV.res] ==> ignore
    arg [-plugin-opt=-pass-through=-lgcc_s] ==> ignore
    arg [-plugin-opt=-pass-through=-lgcc] ==> ignore
    arg [-plugin-opt=-pass-through=-lc] ==> ignore
    arg [-plugin-opt=-pass-through=-lgcc_s] ==> ignore
    arg [-plugin-opt=-pass-through=-lgcc] ==> ignore
    arg [--build-id] ==> ignore
    arg [--eh-frame-hdr] ==> ignore
    arg [--hash-style=gnu] ==> ignore
    arg [--as-needed] ==> ignore
    arg [-dynamic-linker] ==> ignore
    arg [/lib/ld-linux-aarch64.so.1] ==> ignore
    arg [-X] ==> ignore
    arg [-EL] ==> ignore
    arg [-maarch64linux] ==> ignore
    arg [--fix-cortex-a53-843419] ==> ignore
    arg [-pie] ==> ignore
    arg [-o] ==> ignore
    arg [cmTC_02f0f] ==> ignore
    arg [/usr/lib/gcc/aarch64-linux-gnu/10/../../../aarch64-linux-gnu/Scrt1.o] ==> ignore
    arg [/usr/lib/gcc/aarch64-linux-gnu/10/../../../aarch64-linux-gnu/crti.o] ==> ignore
    arg [/usr/lib/gcc/aarch64-linux-gnu/10/crtbeginS.o] ==> ignore
    arg [-L/usr/lib/gcc/aarch64-linux-gnu/10] ==> dir [/usr/lib/gcc/aarch64-linux-gnu/10]
    arg [-L/usr/lib/gcc/aarch64-linux-gnu/10/../../../aarch64-linux-gnu] ==> dir [/usr/lib/gcc/aarch64-linux-gnu/10/../../../aarch64-linux-gnu]
    arg [-L/usr/lib/gcc/aarch64-linux-gnu/10/../../../../lib] ==> dir [/usr/lib/gcc/aarch64-linux-gnu/10/../../../../lib]
    arg [-L/lib/aarch64-linux-gnu] ==> dir [/lib/aarch64-linux-gnu]
    arg [-L/lib/../lib] ==> dir [/lib/../lib]
    arg [-L/usr/lib/aarch64-linux-gnu] ==> dir [/usr/lib/aarch64-linux-gnu]
    arg [-L/usr/lib/../lib] ==> dir [/usr/lib/../lib]
    arg [-L/usr/lib/gcc/aarch64-linux-gnu/10/../../..] ==> dir [/usr/lib/gcc/aarch64-linux-gnu/10/../../..]
    arg [CMakeFiles/cmTC_02f0f.dir/CMakeCXXCompilerABI.cpp.o] ==> ignore
    arg [-lstdc++] ==> lib [stdc++]
    arg [-lm] ==> lib [m]
    arg [-lgcc_s] ==> lib [gcc_s]
    arg [-lgcc] ==> lib [gcc]
    arg [-lc] ==> lib [c]
    arg [-lgcc_s] ==> lib [gcc_s]
    arg [-lgcc] ==> lib [gcc]
    arg [/usr/lib/gcc/aarch64-linux-gnu/10/crtendS.o] ==> ignore
    arg [/usr/lib/gcc/aarch64-linux-gnu/10/../../../aarch64-linux-gnu/crtn.o] ==> ignore
  collapse library dir [/usr/lib/gcc/aarch64-linux-gnu/10] ==> [/usr/lib/gcc/aarch64-linux-gnu/10]
  collapse library dir [/usr/lib/gcc/aarch64-linux-gnu/10/../../../aarch64-linux-gnu] ==> [/usr/lib/aarch64-linux-gnu]
  collapse library dir [/usr/lib/gcc/aarch64-linux-gnu/10/../../../../lib] ==> [/usr/lib]
  collapse library dir [/lib/aarch64-linux-gnu] ==> [/lib/aarch64-linux-gnu]
  collapse library dir [/lib/../lib] ==> [/lib]
  collapse library dir [/usr/lib/aarch64-linux-gnu] ==> [/usr/lib/aarch64-linux-gnu]
  collapse library dir [/usr/lib/../lib] ==> [/usr/lib]
  collapse library dir [/usr/lib/gcc/aarch64-linux-gnu/10/../../..] ==> [/usr/lib]
  implicit libs: [stdc++;m;gcc_s;gcc;c;gcc_s;gcc]
  implicit dirs: [/usr/lib/gcc/aarch64-linux-gnu/10;/usr/lib/aarch64-linux-gnu;/usr/lib;/lib/aarch64-linux-gnu;/lib]
  implicit fwks: []


Performing C++ SOURCE FILE Test COMPILER_HAS_HIDDEN_VISIBILITY succeeded with the following output:
Change Dir: /home/pi/Desktop/original/xeve/build/CMakeFiles/CMakeTmp

Run Build Command(s):/usr/bin/gmake cmTC_b41ab/fast && /usr/bin/gmake  -f CMakeFiles/cmTC_b41ab.dir/build.make CMakeFiles/cmTC_b41ab.dir/build
gmake[1]: Entering directory '/home/pi/Desktop/original/xeve/build/CMakeFiles/CMakeTmp'
Building CXX object CMakeFiles/cmTC_b41ab.dir/src.cxx.o
/usr/bin/c++   -DCOMPILER_HAS_HIDDEN_VISIBILITY   -fvisibility=hidden -o CMakeFiles/cmTC_b41ab.dir/src.cxx.o -c /home/pi/Desktop/original/xeve/build/CMakeFiles/CMakeTmp/src.cxx
Linking CXX executable cmTC_b41ab
/usr/bin/cmake -E cmake_link_script CMakeFiles/cmTC_b41ab.dir/link.txt --verbose=1
/usr/bin/c++  -DCOMPILER_HAS_HIDDEN_VISIBILITY  -lm  CMakeFiles/cmTC_b41ab.dir/src.cxx.o -o cmTC_b41ab 
gmake[1]: Leaving directory '/home/pi/Desktop/original/xeve/build/CMakeFiles/CMakeTmp'


Source file was:
int main() { return 0; }
Performing C++ SOURCE FILE Test COMPILER_HAS_HIDDEN_INLINE_VISIBILITY succeeded with the following output:
Change Dir: /home/pi/Desktop/original/xeve/build/CMakeFiles/CMakeTmp

Run Build Command(s):/usr/bin/gmake cmTC_95db8/fast && /usr/bin/gmake  -f CMakeFiles/cmTC_95db8.dir/build.make CMakeFiles/cmTC_95db8.dir/build
gmake[1]: Entering directory '/home/pi/Desktop/original/xeve/build/CMakeFiles/CMakeTmp'
Building CXX object CMakeFiles/cmTC_95db8.dir/src.cxx.o
/usr/bin/c++   -DCOMPILER_HAS_HIDDEN_INLINE_VISIBILITY   -fvisibility-inlines-hidden -o CMakeFiles/cmTC_95db8.dir/src.cxx.o -c /home/pi/Desktop/original/xeve/build/CMakeFiles/CMakeTmp/src.cxx
Linking CXX executable cmTC_95db8
/usr/bin/cmake -E cmake_link_script CMakeFiles/cmTC_95db8.dir/link.txt --verbose=1
/usr/bin/c++  -DCOMPILER_HAS_HIDDEN_INLINE_VISIBILITY  -lm  CMakeFiles/cmTC_95db8.dir/src.cxx.o -o cmTC_95db8 
gmake[1]: Leaving directory '/home/pi/Desktop/original/xeve/build/CMakeFiles/CMakeTmp'


Source file was:
int main() { return 0; }
Performing C++ SOURCE FILE Test COMPILER_HAS_DEPRECATED_ATTR succeeded with the following output:
Change Dir: /home/pi/Desktop/original/xeve/build/CMakeFiles/CMakeTmp

Run Build Command(s):/usr/bin/gmake cmTC_2f751/fast && /usr/bin/gmake  -f CMakeFiles/cmTC_2f751.dir/build.make CMakeFiles/cmTC_2f751.dir/build
gmake[1]: Entering directory '/home/pi/Desktop/original/xeve/build/CMakeFiles/CMakeTmp'
Building CXX object CMakeFiles/cmTC_2f751.dir/src.cxx.o
/usr/bin/c++   -DCOMPILER_HAS_DEPRECATED_ATTR -o CMakeFiles/cmTC_2f751.dir/src.cxx.o -c /home/pi/Desktop/original/xeve/build/CMakeFiles/CMakeTmp/src.cxx
/home/pi/Desktop/original/xeve/build/CMakeFiles/CMakeTmp/src.cxx: In function ‘int main()’:
/home/pi/Desktop/original/xeve/build/CMakeFiles/CMakeTmp/src.cxx:2:34: warning: ‘int somefunc()’ is deprecated [-Wdeprecated-declarations]
    2 |     int main() { return somefunc();}
      |                                  ^
/home/pi/Desktop/original/xeve/build/CMakeFiles/CMakeTmp/src.cxx:1:37: note: declared here
    1 | __attribute__((__deprecated__)) int somefunc() { return 0; }
      |                                     ^~~~~~~~
Linking CXX executable cmTC_2f751
/usr/bin/cmake -E cmake_link_script CMakeFiles/cmTC_2f751.dir/link.txt --verbose=1
/usr/bin/c++  -DCOMPILER_HAS_DEPRECATED_ATTR  -lm  CMakeFiles/cmTC_2f751.dir/src.cxx.o -o cmTC_2f751 
gmake[1]: Leaving directory '/home/pi/Desktop/original/xeve/build/CMakeFiles/CMakeTmp'


Source file was:
__attribute__((__deprecated__)) int somefunc() { return 0; }
    int main() { return somefunc();}
